<?xml version="1.0" encoding="UTF-8"?>
<testng-results ignored="0" total="2" passed="2" failed="0" skipped="0">
  <reporter-output>
  </reporter-output>
  <suite started-at="2021-04-08T11:16:02 IST" name="Default suite" finished-at="2021-04-08T11:16:43 IST" duration-ms="40927">
    <groups>
      <group name="cucumber">
        <method signature="AbstractTestNGCucumberTests.runScenario(io.cucumber.testng.PickleWrapper, io.cucumber.testng.FeatureWrapper)[pri:0, instance:Runner_Files.Land_Wel_page_Runner@384ad17b]" name="runScenario" class="io.cucumber.testng.AbstractTestNGCucumberTests"/>
      </group> <!-- cucumber -->
    </groups>
    <test started-at="2021-04-08T11:16:02 IST" name="Default test" finished-at="2021-04-08T11:16:43 IST" duration-ms="40927">
      <class name="Runner_Files.Land_Wel_page_Runner">
        <test-method is-config="true" signature="setUpClass()[pri:0, instance:Runner_Files.Land_Wel_page_Runner@384ad17b]" started-at="2021-04-08T11:16:02 IST" name="setUpClass" finished-at="2021-04-08T11:16:03 IST" duration-ms="1250" status="PASS">
          <reporter-output>
          </reporter-output>
        </test-method> <!-- setUpClass -->
        <test-method signature="runScenario(io.cucumber.testng.PickleWrapper, io.cucumber.testng.FeatureWrapper)[pri:0, instance:Runner_Files.Land_Wel_page_Runner@384ad17b]" started-at="2021-04-08T11:16:03 IST" name="runScenario" description="Runs Cucumber Scenarios" data-provider="scenarios" finished-at="2021-04-08T11:16:23 IST" duration-ms="19979" status="PASS">
          <params>
            <param index="0">
              <value>
                <![CDATA["Validate user is able to click on Login button and navigate to Login page"]]>
              </value>
            </param>
            <param index="1">
              <value>
                <![CDATA["Optional[User must be able to see Welcome Screen,Login and Sign up]"]]>
              </value>
            </param>
          </params>
          <reporter-output>
          </reporter-output>
        </test-method> <!-- runScenario -->
        <test-method signature="runScenario(io.cucumber.testng.PickleWrapper, io.cucumber.testng.FeatureWrapper)[pri:0, instance:Runner_Files.Land_Wel_page_Runner@384ad17b]" started-at="2021-04-08T11:16:23 IST" name="runScenario" description="Runs Cucumber Scenarios" data-provider="scenarios" finished-at="2021-04-08T11:16:40 IST" duration-ms="17009" status="PASS">
          <params>
            <param index="0">
              <value>
                <![CDATA["Validate user is able to click on Sign Up button and navigate to Sign Up page"]]>
              </value>
            </param>
            <param index="1">
              <value>
                <![CDATA["Optional[User must be able to see Welcome Screen,Login and Sign up]"]]>
              </value>
            </param>
          </params>
          <reporter-output>
          </reporter-output>
        </test-method> <!-- runScenario -->
        <test-method is-config="true" signature="tearDownClass()[pri:0, instance:Runner_Files.Land_Wel_page_Runner@384ad17b]" started-at="2021-04-08T11:16:40 IST" name="tearDownClass" finished-at="2021-04-08T11:16:43 IST" duration-ms="2627" status="PASS">
          <reporter-output>
          </reporter-output>
        </test-method> <!-- tearDownClass -->
      </class> <!-- Runner_Files.Land_Wel_page_Runner -->
    </test> <!-- Default test -->
  </suite> <!-- Default suite -->
</testng-results>
